
> website@0.0.0 build
> docusaurus build

[WARNING] The `siteConfig.onBrokenMarkdownLinks` config option is deprecated and will be removed in Docusaurus v4.
Please migrate and move this option to `siteConfig.markdown.hooks.onBrokenMarkdownLinks` instead.
[INFO] [de] Creating an optimized production build...
[WARNING] The `siteConfig.onBrokenMarkdownLinks` config option is deprecated and will be removed in Docusaurus v4.
Please migrate and move this option to `siteConfig.markdown.hooks.onBrokenMarkdownLinks` instead.
[webpackbar] ℹ Compiling Client
[webpackbar] ℹ Compiling Server
[webpackbar] ✔ Server: Compiled successfully in 980.43ms
[webpackbar] ✔ Client: Compiled successfully in 1.27s
The width(-1) and height(-1) of chart should be greater than 0,
       please check the style of container, or the props width(100%) and height(100%),
       or add a minWidth(0) or minHeight(undefined) or use aspect(undefined) to control the
       height and width.

[ERROR] Error: Unable to build website for locale de.
    at tryToBuildLocale (/Users/bachl/Library/Mobile Documents/com~apple~CloudDocs/Rechnungsprogramm/Rechnix/website/node_modules/@docusaurus/core/lib/commands/build/build.js:83:15)
    at async /Users/bachl/Library/Mobile Documents/com~apple~CloudDocs/Rechnungsprogramm/Rechnix/website/node_modules/@docusaurus/core/lib/commands/build/build.js:35:9
    at async mapAsyncSequential (/Users/bachl/Library/Mobile Documents/com~apple~CloudDocs/Rechnungsprogramm/Rechnix/website/node_modules/@docusaurus/utils/lib/jsUtils.js:21:24)
    at async Command.build (/Users/bachl/Library/Mobile Documents/com~apple~CloudDocs/Rechnungsprogramm/Rechnix/website/node_modules/@docusaurus/core/lib/commands/build/build.js:34:5)
    at async Promise.all (index 0)
    at async runCLI (/Users/bachl/Library/Mobile Documents/com~apple~CloudDocs/Rechnungsprogramm/Rechnix/website/node_modules/@docusaurus/core/lib/commands/cli.js:56:5)
    at async file:///Users/bachl/Library/Mobile%20Documents/com%7Eapple%7ECloudDocs/Rechnungsprogramm/Rechnix/website/node_modules/@docusaurus/core/bin/docusaurus.mjs:44:3 {
  [cause]: Error: Docusaurus found broken links!
  
  Please check the pages of your site in the list below, and make sure you don't reference any path that does not exist.
  Note: it's possible to ignore broken links with the 'onBrokenLinks' Docusaurus configuration, and let the build pass.
  
  Exhaustive list of all broken links found:
  - Broken link on source page path = /download:
     -> linking to /downloads/Rechnix.dmg
     -> linking to /downloads/Rechnix.exe
  
      at throwError (/Users/bachl/Library/Mobile Documents/com~apple~CloudDocs/Rechnungsprogramm/Rechnix/website/node_modules/@docusaurus/logger/lib/logger.js:80:11)
      at reportBrokenLinks (/Users/bachl/Library/Mobile Documents/com~apple~CloudDocs/Rechnungsprogramm/Rechnix/website/node_modules/@docusaurus/core/lib/server/brokenLinks.js:250:47)
      at handleBrokenLinks (/Users/bachl/Library/Mobile Documents/com~apple~CloudDocs/Rechnungsprogramm/Rechnix/website/node_modules/@docusaurus/core/lib/server/brokenLinks.js:282:5)
      at executeBrokenLinksCheck (/Users/bachl/Library/Mobile Documents/com~apple~CloudDocs/Rechnungsprogramm/Rechnix/website/node_modules/@docusaurus/core/lib/commands/build/buildLocale.js:119:47)
      at /Users/bachl/Library/Mobile Documents/com~apple~CloudDocs/Rechnungsprogramm/Rechnix/website/node_modules/@docusaurus/core/lib/commands/build/buildLocale.js:94:67
      at Object.async (/Users/bachl/Library/Mobile Documents/com~apple~CloudDocs/Rechnungsprogramm/Rechnix/website/node_modules/@docusaurus/logger/lib/perfLogger.js:42:47)
      at buildLocale (/Users/bachl/Library/Mobile Documents/com~apple~CloudDocs/Rechnungsprogramm/Rechnix/website/node_modules/@docusaurus/core/lib/commands/build/buildLocale.js:94:31)
      at async runBuildLocaleTask (/Users/bachl/Library/Mobile Documents/com~apple~CloudDocs/Rechnungsprogramm/Rechnix/website/node_modules/@docusaurus/core/lib/commands/build/build.js:98:5)
      at async /Users/bachl/Library/Mobile Documents/com~apple~CloudDocs/Rechnungsprogramm/Rechnix/website/node_modules/@docusaurus/core/lib/commands/build/build.js:79:13
      at async tryToBuildLocale (/Users/bachl/Library/Mobile Documents/com~apple~CloudDocs/Rechnungsprogramm/Rechnix/website/node_modules/@docusaurus/core/lib/commands/build/build.js:75:9)
}
[INFO] Docusaurus version: 3.9.2
Node version: v22.17.0
